<?xml version="1.0" encoding="UTF-8"?>
<!-- Generated by org.testng.reporters.JUnitReportReporter -->
<testsuite hostname="ponsraji-pc" name="com.training.Salesforce.SalesforceTestcases" tests="6" failures="0" timestamp="22 Mar 2019 07:26:06 GMT" time="160.419" errors="0">
  <testcase name="test2" time="26.522" classname="com.training.Salesforce.SalesforceTestcases"/>
  <testcase name="test4B" time="18.324" classname="com.training.Salesforce.SalesforceTestcases"/>
  <testcase name="test4A" time="16.348" classname="com.training.Salesforce.SalesforceTestcases"/>
  <testcase name="test3" time="39.212" classname="com.training.Salesforce.SalesforceTestcases"/>
  <testcase name="test1" time="18.219" classname="com.training.Salesforce.SalesforceTestcases"/>
  <testcase name="test5" time="41.794" classname="com.training.Salesforce.SalesforceTestcases"/>
</testsuite> <!-- com.training.Salesforce.SalesforceTestcases -->
